<?xml version="1.0" encoding="UTF-8"?>
<!-- Generated by org.testng.reporters.JUnitReportReporter -->
<testsuite hostname="DESKTOP-CJGS9IU" failures="1" tests="3" name="TestRunner.Run" time="76.383" errors="0" timestamp="2023-06-24T06:49:19 PDT" skipped="0">
  <testcase classname="TestRunner.Run" name="runScenario" time="58.563"/>
  <system-out/>
  <testcase classname="TestRunner.Run" name="runScenario" time="13.674"/>
  <system-out/>
  <testcase classname="TestRunner.Run" name="runScenario" time="4.146">
    <failure type="java.lang.AssertionError">
      <![CDATA[java.lang.AssertionError
at org.junit.Assert.fail(Assert.java:86)
at org.junit.Assert.assertTrue(Assert.java:41)
at org.junit.Assert.assertTrue(Assert.java:52)
at StepDefination.StepDef.page_title_should_be(StepDef.java:60)
at âœ½.Page Title should be "Dashboard / nopCommerce administration"(file:///F:/Projects/my%20projects/BDDFramework-master/BDDFramework-master/./Features/LoginFeature.feature:19)
]]>
    </failure>
  </testcase> <!-- runScenario -->
  <system-out/>
</testsuite> <!-- TestRunner.Run -->
